2016-09-23 11:58:29.721  INFO 7084 --- [main] c.mcreceiverdemo.McreceiverApplication   : Starting McreceiverApplication on anahid-lt with PID 7084 (C:\Ali\projects\java\mcreceiver\target\classes started by anahid in C:\Ali\projects\java\mcreceiver)
2016-09-23 11:58:29.725  INFO 7084 --- [main] c.mcreceiverdemo.McreceiverApplication   : No active profile set, falling back to default profiles: default
2016-09-23 11:58:30.154  INFO 7084 --- [main] ationConfigEmbeddedWebApplicationContext : Refreshing org.springframework.boot.context.embedded.AnnotationConfigEmbeddedWebApplicationContext@6069db50: startup date [Fri Sep 23 11:58:30 AEST 2016]; root of context hierarchy
2016-09-23 11:58:31.248  INFO 7084 --- [main] trationDelegate$BeanPostProcessorChecker : Bean 'org.springframework.ws.config.annotation.DelegatingWsConfiguration' of type [class org.springframework.ws.config.annotation.DelegatingWsConfiguration$$EnhancerBySpringCGLIB$$62d09fb6] is not eligible for getting processed by all BeanPostProcessors (for example: not eligible for auto-proxying)
2016-09-23 11:58:31.429  INFO 7084 --- [main] .w.s.a.s.AnnotationActionEndpointMapping : Supporting [WS-Addressing August 2004, WS-Addressing 1.0]
2016-09-23 11:58:31.948  INFO 7084 --- [main] s.b.c.e.t.TomcatEmbeddedServletContainer : Tomcat initialized with port(s): 8080 (http)
2016-09-23 11:58:31.961  INFO 7084 --- [main] o.apache.catalina.core.StandardService   : Starting service Tomcat
2016-09-23 11:58:31.962  INFO 7084 --- [main] org.apache.catalina.core.StandardEngine  : Starting Servlet Engine: Apache Tomcat/8.5.4
2016-09-23 11:58:32.372  INFO 7084 --- [localhost-startStop-1] o.a.c.c.C.[Tomcat].[localhost].[/]       : Initializing Spring embedded WebApplicationContext
2016-09-23 11:58:32.373  INFO 7084 --- [localhost-startStop-1] o.s.web.context.ContextLoader            : Root WebApplicationContext: initialization completed in 2223 ms
2016-09-23 11:58:32.610  INFO 7084 --- [localhost-startStop-1] o.s.b.w.servlet.ServletRegistrationBean  : Mapping servlet: 'dispatcherServlet' to [/]
2016-09-23 11:58:32.612  INFO 7084 --- [localhost-startStop-1] o.s.b.w.servlet.ServletRegistrationBean  : Mapping servlet: 'messageDispatcherServlet' to [/services/*]
2016-09-23 11:58:32.616  INFO 7084 --- [localhost-startStop-1] o.s.b.w.servlet.FilterRegistrationBean   : Mapping filter: 'characterEncodingFilter' to: [/*]
2016-09-23 11:58:32.617  INFO 7084 --- [localhost-startStop-1] o.s.b.w.servlet.FilterRegistrationBean   : Mapping filter: 'hiddenHttpMethodFilter' to: [/*]
2016-09-23 11:58:32.618  INFO 7084 --- [localhost-startStop-1] o.s.b.w.servlet.FilterRegistrationBean   : Mapping filter: 'httpPutFormContentFilter' to: [/*]
2016-09-23 11:58:32.618  INFO 7084 --- [localhost-startStop-1] o.s.b.w.servlet.FilterRegistrationBean   : Mapping filter: 'requestContextFilter' to: [/*]
2016-09-23 11:58:32.972  INFO 7084 --- [main] s.w.s.m.m.a.RequestMappingHandlerAdapter : Looking for @ControllerAdvice: org.springframework.boot.context.embedded.AnnotationConfigEmbeddedWebApplicationContext@6069db50: startup date [Fri Sep 23 11:58:30 AEST 2016]; root of context hierarchy
2016-09-23 11:58:33.042  INFO 7084 --- [main] s.w.s.m.m.a.RequestMappingHandlerMapping : Mapped "{[/],methods=[GET]}" onto public java.lang.String com.mcreceiverdemo.controllers.HomeController.index()
2016-09-23 11:58:33.045  INFO 7084 --- [main] s.w.s.m.m.a.RequestMappingHandlerMapping : Mapped "{[/error]}" onto public org.springframework.http.ResponseEntity<java.util.Map<java.lang.String, java.lang.Object>> org.springframework.boot.autoconfigure.web.BasicErrorController.error(javax.servlet.http.HttpServletRequest)
2016-09-23 11:58:33.048  INFO 7084 --- [main] s.w.s.m.m.a.RequestMappingHandlerMapping : Mapped "{[/error],produces=[text/html]}" onto public org.springframework.web.servlet.ModelAndView org.springframework.boot.autoconfigure.web.BasicErrorController.errorHtml(javax.servlet.http.HttpServletRequest,javax.servlet.http.HttpServletResponse)
2016-09-23 11:58:33.090  INFO 7084 --- [main] o.s.w.s.handler.SimpleUrlHandlerMapping  : Mapped URL path [/webjars/**] onto handler of type [class org.springframework.web.servlet.resource.ResourceHttpRequestHandler]
2016-09-23 11:58:33.091  INFO 7084 --- [main] o.s.w.s.handler.SimpleUrlHandlerMapping  : Mapped URL path [/**] onto handler of type [class org.springframework.web.servlet.resource.ResourceHttpRequestHandler]
2016-09-23 11:58:33.163  INFO 7084 --- [main] o.s.w.s.handler.SimpleUrlHandlerMapping  : Mapped URL path [/**/favicon.ico] onto handler of type [class org.springframework.web.servlet.resource.ResourceHttpRequestHandler]
2016-09-23 11:58:33.689  INFO 7084 --- [main] o.s.j.e.a.AnnotationMBeanExporter        : Registering beans for JMX exposure on startup
2016-09-23 11:58:33.754  INFO 7084 --- [main] s.b.c.e.t.TomcatEmbeddedServletContainer : Tomcat started on port(s): 8080 (http)
2016-09-23 11:58:33.759  INFO 7084 --- [main] c.mcreceiverdemo.McreceiverApplication   : Started McreceiverApplication in 4.461 seconds (JVM running for 7.497)
2016-09-23 11:58:39.946  INFO 7084 --- [http-nio-8080-exec-1] o.a.c.c.C.[Tomcat].[localhost].[/]       : Initializing Spring FrameworkServlet 'dispatcherServlet'
2016-09-23 11:58:39.946  INFO 7084 --- [http-nio-8080-exec-1] o.s.web.servlet.DispatcherServlet        : FrameworkServlet 'dispatcherServlet': initialization started
2016-09-23 11:58:39.963  INFO 7084 --- [http-nio-8080-exec-1] o.s.web.servlet.DispatcherServlet        : FrameworkServlet 'dispatcherServlet': initialization completed in 17 ms
2016-09-23 11:58:40.100  INFO 7084 --- [http-nio-8080-exec-1] c.m.controllers.HomeController           : this is index.
2016-09-23 11:59:38.498  INFO 7084 --- [RMI TCP Connection(2)-192.168.56.1] inMXBeanRegistrar$SpringApplicationAdmin : Application shutdown requested.
2016-09-23 11:59:38.498  INFO 7084 --- [RMI TCP Connection(2)-192.168.56.1] ationConfigEmbeddedWebApplicationContext : Closing org.springframework.boot.context.embedded.AnnotationConfigEmbeddedWebApplicationContext@6069db50: startup date [Fri Sep 23 11:58:30 AEST 2016]; root of context hierarchy
2016-09-23 11:59:38.500  INFO 7084 --- [RMI TCP Connection(2)-192.168.56.1] o.s.j.e.a.AnnotationMBeanExporter        : Unregistering JMX-exposed beans on shutdown
2016-09-23 16:37:18.284  INFO 9608 --- [main] c.mcreceiverdemo.McreceiverApplication   : Starting McreceiverApplication on anahid-lt with PID 9608 (C:\Ali\projects\java\mcreceiver\target\classes started by anahid in C:\Ali\projects\java\mcreceiver)
2016-09-23 16:37:18.288  INFO 9608 --- [main] c.mcreceiverdemo.McreceiverApplication   : No active profile set, falling back to default profiles: default
2016-09-23 16:37:18.712  INFO 9608 --- [main] ationConfigEmbeddedWebApplicationContext : Refreshing org.springframework.boot.context.embedded.AnnotationConfigEmbeddedWebApplicationContext@5b8dfcc1: startup date [Fri Sep 23 16:37:18 AEST 2016]; root of context hierarchy
2016-09-23 16:37:20.356  INFO 9608 --- [main] trationDelegate$BeanPostProcessorChecker : Bean 'org.springframework.ws.config.annotation.DelegatingWsConfiguration' of type [class org.springframework.ws.config.annotation.DelegatingWsConfiguration$$EnhancerBySpringCGLIB$$62278b3c] is not eligible for getting processed by all BeanPostProcessors (for example: not eligible for auto-proxying)
2016-09-23 16:37:20.559  INFO 9608 --- [main] .w.s.a.s.AnnotationActionEndpointMapping : Supporting [WS-Addressing August 2004, WS-Addressing 1.0]
2016-09-23 16:37:21.056  INFO 9608 --- [main] s.b.c.e.t.TomcatEmbeddedServletContainer : Tomcat initialized with port(s): 8080 (http)
2016-09-23 16:37:21.070  INFO 9608 --- [main] o.apache.catalina.core.StandardService   : Starting service Tomcat
2016-09-23 16:37:21.072  INFO 9608 --- [main] org.apache.catalina.core.StandardEngine  : Starting Servlet Engine: Apache Tomcat/8.5.4
2016-09-23 16:37:21.390  INFO 9608 --- [localhost-startStop-1] o.a.c.c.C.[Tomcat].[localhost].[/]       : Initializing Spring embedded WebApplicationContext
2016-09-23 16:37:21.390  INFO 9608 --- [localhost-startStop-1] o.s.web.context.ContextLoader            : Root WebApplicationContext: initialization completed in 2681 ms
2016-09-23 16:37:21.612  INFO 9608 --- [localhost-startStop-1] o.s.b.w.servlet.ServletRegistrationBean  : Mapping servlet: 'dispatcherServlet' to [/]
2016-09-23 16:37:21.615  INFO 9608 --- [localhost-startStop-1] o.s.b.w.servlet.ServletRegistrationBean  : Mapping servlet: 'messageDispatcherServlet' to [/services/*]
2016-09-23 16:37:21.619  INFO 9608 --- [localhost-startStop-1] o.s.b.w.servlet.FilterRegistrationBean   : Mapping filter: 'characterEncodingFilter' to: [/*]
2016-09-23 16:37:21.620  INFO 9608 --- [localhost-startStop-1] o.s.b.w.servlet.FilterRegistrationBean   : Mapping filter: 'hiddenHttpMethodFilter' to: [/*]
2016-09-23 16:37:21.620  INFO 9608 --- [localhost-startStop-1] o.s.b.w.servlet.FilterRegistrationBean   : Mapping filter: 'httpPutFormContentFilter' to: [/*]
2016-09-23 16:37:21.620  INFO 9608 --- [localhost-startStop-1] o.s.b.w.servlet.FilterRegistrationBean   : Mapping filter: 'requestContextFilter' to: [/*]
2016-09-23 16:37:22.009  INFO 9608 --- [main] s.w.s.m.m.a.RequestMappingHandlerAdapter : Looking for @ControllerAdvice: org.springframework.boot.context.embedded.AnnotationConfigEmbeddedWebApplicationContext@5b8dfcc1: startup date [Fri Sep 23 16:37:18 AEST 2016]; root of context hierarchy
2016-09-23 16:37:22.093  INFO 9608 --- [main] s.w.s.m.m.a.RequestMappingHandlerMapping : Mapped "{[/],methods=[GET]}" onto public java.lang.String com.mcreceiverdemo.controllers.HomeController.index()
2016-09-23 16:37:22.098  INFO 9608 --- [main] s.w.s.m.m.a.RequestMappingHandlerMapping : Mapped "{[/error]}" onto public org.springframework.http.ResponseEntity<java.util.Map<java.lang.String, java.lang.Object>> org.springframework.boot.autoconfigure.web.BasicErrorController.error(javax.servlet.http.HttpServletRequest)
2016-09-23 16:37:22.098  INFO 9608 --- [main] s.w.s.m.m.a.RequestMappingHandlerMapping : Mapped "{[/error],produces=[text/html]}" onto public org.springframework.web.servlet.ModelAndView org.springframework.boot.autoconfigure.web.BasicErrorController.errorHtml(javax.servlet.http.HttpServletRequest,javax.servlet.http.HttpServletResponse)
2016-09-23 16:37:22.143  INFO 9608 --- [main] o.s.w.s.handler.SimpleUrlHandlerMapping  : Mapped URL path [/webjars/**] onto handler of type [class org.springframework.web.servlet.resource.ResourceHttpRequestHandler]
2016-09-23 16:37:22.144  INFO 9608 --- [main] o.s.w.s.handler.SimpleUrlHandlerMapping  : Mapped URL path [/**] onto handler of type [class org.springframework.web.servlet.resource.ResourceHttpRequestHandler]
2016-09-23 16:37:22.212  INFO 9608 --- [main] o.s.w.s.handler.SimpleUrlHandlerMapping  : Mapped URL path [/**/favicon.ico] onto handler of type [class org.springframework.web.servlet.resource.ResourceHttpRequestHandler]
2016-09-23 16:37:22.755  INFO 9608 --- [main] o.s.j.e.a.AnnotationMBeanExporter        : Registering beans for JMX exposure on startup
2016-09-23 16:37:22.815  INFO 9608 --- [main] s.b.c.e.t.TomcatEmbeddedServletContainer : Tomcat started on port(s): 8080 (http)
2016-09-23 16:37:22.820  INFO 9608 --- [main] c.mcreceiverdemo.McreceiverApplication   : Started McreceiverApplication in 4.969 seconds (JVM running for 8.064)
2016-09-23 16:37:34.330  INFO 9608 --- [http-nio-8080-exec-1] o.a.c.c.C.[Tomcat].[localhost].[/]       : Initializing Spring FrameworkServlet 'dispatcherServlet'
2016-09-23 16:37:34.331  INFO 9608 --- [http-nio-8080-exec-1] o.s.web.servlet.DispatcherServlet        : FrameworkServlet 'dispatcherServlet': initialization started
2016-09-23 16:37:34.351  INFO 9608 --- [http-nio-8080-exec-1] o.s.web.servlet.DispatcherServlet        : FrameworkServlet 'dispatcherServlet': initialization completed in 20 ms
2016-09-23 16:37:34.376  INFO 9608 --- [http-nio-8080-exec-1] c.m.controllers.HomeController           : this is index.
2016-09-23 16:38:03.795  INFO 9608 --- [RMI TCP Connection(2)-192.168.56.1] inMXBeanRegistrar$SpringApplicationAdmin : Application shutdown requested.
2016-09-23 16:38:03.796  INFO 9608 --- [RMI TCP Connection(2)-192.168.56.1] ationConfigEmbeddedWebApplicationContext : Closing org.springframework.boot.context.embedded.AnnotationConfigEmbeddedWebApplicationContext@5b8dfcc1: startup date [Fri Sep 23 16:37:18 AEST 2016]; root of context hierarchy
2016-09-23 16:38:03.799  INFO 9608 --- [RMI TCP Connection(2)-192.168.56.1] o.s.j.e.a.AnnotationMBeanExporter        : Unregistering JMX-exposed beans on shutdown
